# JRE version: OpenJDK Runtime Environment (11.0.12+7) (build 11.0.12+7-b1504.28-7817840)
# Java VM: OpenJDK 64-Bit Server VM (11.0.12+7-b1504.28-7817840, mixed mode, tiered, compressed oops, g1 gc, windows-amd64)
Heap:
 garbage-first heap   total 129024K, used 64683K [0x0000000080000000, 0x0000000100000000)
  region size 1024K, 13 young (13312K), 3 survivors (3072K)
 Metaspace       used 55695K, capacity 57272K, committed 57344K, reserved 1099776K
  class space    used 7107K, capacity 7679K, committed 7680K, reserved 1048576K
GC Heap History (20 events):
Event: 33.115 GC heap before
{Heap before GC invocations=3 (full 0):
 garbage-first heap   total 129024K, used 65530K [0x0000000080000000, 0x0000000100000000)
  region size 1024K, 54 young (55296K), 4 survivors (4096K)
 Metaspace       used 19822K, capacity 20219K, committed 20352K, reserved 1067008K
  class space    used 2432K, capacity 2572K, committed 2688K, reserved 1048576K
}
Event: 33.127 GC heap after
{Heap after GC invocations=4 (full 0):
 garbage-first heap   total 129024K, used 17235K [0x0000000080000000, 0x0000000100000000)
  region size 1024K, 3 young (3072K), 3 survivors (3072K)
 Metaspace       used 19822K, capacity 20219K, committed 20352K, reserved 1067008K
  class space    used 2432K, capacity 2572K, committed 2688K, reserved 1048576K
}
Event: 33.474 GC heap before
{Heap before GC invocations=4 (full 0):
 garbage-first heap   total 129024K, used 22355K [0x0000000080000000, 0x0000000100000000)
  region size 1024K, 9 young (9216K), 3 survivors (3072K)
 Metaspace       used 20677K, capacity 21082K, committed 21248K, reserved 1067008K
  class space    used 2544K, capacity 2712K, committed 2816K, reserved 1048576K
}
Event: 33.485 GC heap after
{Heap after GC invocations=5 (full 0):
 garbage-first heap   total 129024K, used 17462K [0x0000000080000000, 0x0000000100000000)
  region size 1024K, 4 young (4096K), 4 survivors (4096K)
 Metaspace       used 20677K, capacity 21082K, committed 21248K, reserved 1067008K
  class space    used 2544K, capacity 2712K, committed 2816K, reserved 1048576K
}
Event: 35.753 GC heap before
{Heap before GC invocations=6 (full 0):
 garbage-first heap   total 129024K, used 66614K [0x0000000080000000, 0x0000000100000000)
  region size 1024K, 52 young (53248K), 4 survivors (4096K)
 Metaspace       used 25728K, capacity 26305K, committed 26368K, reserved 1073152K
  class space    used 3316K, capacity 3521K, committed 3584K, reserved 1048576K
}
Event: 35.767 GC heap after
{Heap after GC invocations=7 (full 0):
 garbage-first heap   total 129024K, used 19315K [0x0000000080000000, 0x0000000100000000)
  region size 1024K, 5 young (5120K), 5 survivors (5120K)
 Metaspace       used 25728K, capacity 26305K, committed 26368K, reserved 1073152K
  class space    used 3316K, capacity 3521K, committed 3584K, reserved 1048576K
}
Event: 37.998 GC heap before
{Heap before GC invocations=7 (full 0):
 garbage-first heap   total 129024K, used 71539K [0x0000000080000000, 0x0000000100000000)
  region size 1024K, 56 young (57344K), 5 survivors (5120K)
 Metaspace       used 30787K, capacity 31476K, committed 31616K, reserved 1077248K
  class space    used 4118K, capacity 4379K, committed 4480K, reserved 1048576K
}
Event: 38.010 GC heap after
{Heap after GC invocations=8 (full 0):
 garbage-first heap   total 129024K, used 20768K [0x0000000080000000, 0x0000000100000000)
  region size 1024K, 4 young (4096K), 4 survivors (4096K)
 Metaspace       used 30787K, capacity 31476K, committed 31616K, reserved 1077248K
  class space    used 4118K, capacity 4379K, committed 4480K, reserved 1048576K
}
Event: 38.869 GC heap before
{Heap before GC invocations=8 (full 0):
 garbage-first heap   total 129024K, used 33056K [0x0000000080000000, 0x0000000100000000)
  region size 1024K, 17 young (17408K), 4 survivors (4096K)
 Metaspace       used 35001K, capacity 35794K, committed 35840K, reserved 1081344K
  class space    used 4536K, capacity 4839K, committed 4864K, reserved 1048576K
}
Event: 38.885 GC heap after
{Heap after GC invocations=9 (full 0):
 garbage-first heap   total 129024K, used 22736K [0x0000000080000000, 0x0000000100000000)
  region size 1024K, 6 young (6144K), 6 survivors (6144K)
 Metaspace       used 35001K, capacity 35794K, committed 35840K, reserved 1081344K
  class space    used 4536K, capacity 4839K, committed 4864K, reserved 1048576K
}
Event: 40.619 GC heap before
{Heap before GC invocations=10 (full 0):
 garbage-first heap   total 129024K, used 75984K [0x0000000080000000, 0x0000000100000000)
  region size 1024K, 56 young (57344K), 6 survivors (6144K)
 Metaspace       used 39375K, capacity 40349K, committed 40448K, reserved 1085440K
  class space    used 5024K, capacity 5353K, committed 5376K, reserved 1048576K
}
Event: 40.634 GC heap after
{Heap after GC invocations=11 (full 0):
 garbage-first heap   total 129024K, used 27095K [0x0000000080000000, 0x0000000100000000)
  region size 1024K, 7 young (7168K), 7 survivors (7168K)
 Metaspace       used 39375K, capacity 40349K, committed 40448K, reserved 1085440K
  class space    used 5024K, capacity 5353K, committed 5376K, reserved 1048576K
}
Event: 42.270 GC heap before
{Heap before GC invocations=11 (full 0):
 garbage-first heap   total 129024K, used 79319K [0x0000000080000000, 0x0000000100000000)
  region size 1024K, 58 young (59392K), 7 survivors (7168K)
 Metaspace       used 43763K, capacity 44971K, committed 45184K, reserved 1089536K
  class space    used 5579K, capacity 6011K, committed 6016K, reserved 1048576K
}
Event: 42.298 GC heap after
{Heap after GC invocations=12 (full 0):
 garbage-first heap   total 129024K, used 30785K [0x0000000080000000, 0x0000000100000000)
  region size 1024K, 8 young (8192K), 8 survivors (8192K)
 Metaspace       used 43763K, capacity 44971K, committed 45184K, reserved 1089536K
  class space    used 5579K, capacity 6011K, committed 6016K, reserved 1048576K
}
Event: 43.639 GC heap before
{Heap before GC invocations=12 (full 0):
 garbage-first heap   total 129024K, used 84033K [0x0000000080000000, 0x0000000100000000)
  region size 1024K, 60 young (61440K), 8 survivors (8192K)
 Metaspace       used 47414K, capacity 48861K, committed 48896K, reserved 1091584K
  class space    used 6125K, capacity 6650K, committed 6656K, reserved 1048576K
}
Event: 43.653 GC heap after
{Heap after GC invocations=13 (full 0):
 garbage-first heap   total 129024K, used 32619K [0x0000000080000000, 0x0000000100000000)
  region size 1024K, 6 young (6144K), 6 survivors (6144K)
 Metaspace       used 47414K, capacity 48861K, committed 48896K, reserved 1091584K
  class space    used 6125K, capacity 6650K, committed 6656K, reserved 1048576K
}
Event: 48.573 GC heap before
{Heap before GC invocations=13 (full 0):
 garbage-first heap   total 129024K, used 97131K [0x0000000080000000, 0x0000000100000000)
  region size 1024K, 62 young (63488K), 6 survivors (6144K)
 Metaspace       used 49119K, capacity 50604K, committed 50688K, reserved 1093632K
  class space    used 6287K, capacity 6836K, committed 6912K, reserved 1048576K
}
Event: 48.594 GC heap after
{Heap after GC invocations=14 (full 0):
 garbage-first heap   total 129024K, used 51714K [0x0000000080000000, 0x0000000100000000)
  region size 1024K, 8 young (8192K), 8 survivors (8192K)
 Metaspace       used 49119K, capacity 50604K, committed 50688K, reserved 1093632K
  class space    used 6287K, capacity 6836K, committed 6912K, reserved 1048576K
}
Event: 50.321 GC heap before
{Heap before GC invocations=14 (full 0):
 garbage-first heap   total 129024K, used 93698K [0x0000000080000000, 0x0000000100000000)
  region size 1024K, 49 young (50176K), 8 survivors (8192K)
 Metaspace       used 54180K, capacity 55796K, committed 55936K, reserved 1097728K
  class space    used 6919K, capacity 7530K, committed 7552K, reserved 1048576K
}
Event: 50.334 GC heap after
{Heap after GC invocations=15 (full 0):
 garbage-first heap   total 129024K, used 55467K [0x0000000080000000, 0x0000000100000000)
  region size 1024K, 3 young (3072K), 3 survivors (3072K)
 Metaspace       used 54180K, capacity 55796K, committed 55936K, reserved 1097728K
  class space    used 6919K, capacity 7530K, committed 7552K, reserved 1048576K
}

