# JRE version: OpenJDK Runtime Environment (11.0.12+7) (build 11.0.12+7-b1504.28-7817840)
# Java VM: OpenJDK 64-Bit Server VM (11.0.12+7-b1504.28-7817840, mixed mode, tiered, compressed oops, g1 gc, windows-amd64)
Heap:
 garbage-first heap   total 155648K, used 83476K [0x0000000080000000, 0x0000000100000000)
  region size 1024K, 50 young (51200K), 7 survivors (7168K)
 Metaspace       used 49486K, capacity 51066K, committed 51328K, reserved 1093632K
  class space    used 6338K, capacity 6939K, committed 7040K, reserved 1048576K
GC Heap History (20 events):
Event: 2.504 GC heap before
{Heap before GC invocations=0 (full 0):
 garbage-first heap   total 129024K, used 30720K [0x0000000080000000, 0x0000000100000000)
  region size 1024K, 24 young (24576K), 0 survivors (0K)
 Metaspace       used 10231K, capacity 10427K, committed 10624K, reserved 1058816K
  class space    used 1072K, capacity 1141K, committed 1152K, reserved 1048576K
}
Event: 2.523 GC heap after
{Heap after GC invocations=1 (full 0):
 garbage-first heap   total 129024K, used 9520K [0x0000000080000000, 0x0000000100000000)
  region size 1024K, 3 young (3072K), 3 survivors (3072K)
 Metaspace       used 10231K, capacity 10427K, committed 10624K, reserved 1058816K
  class space    used 1072K, capacity 1141K, committed 1152K, reserved 1048576K
}
Event: 3.386 GC heap before
{Heap before GC invocations=1 (full 0):
 garbage-first heap   total 129024K, used 27952K [0x0000000080000000, 0x0000000100000000)
  region size 1024K, 21 young (21504K), 3 survivors (3072K)
 Metaspace       used 11184K, capacity 11382K, committed 11520K, reserved 1058816K
  class space    used 1174K, capacity 1246K, committed 1280K, reserved 1048576K
}
Event: 3.391 GC heap after
{Heap after GC invocations=2 (full 0):
 garbage-first heap   total 129024K, used 10113K [0x0000000080000000, 0x0000000100000000)
  region size 1024K, 1 young (1024K), 1 survivors (1024K)
 Metaspace       used 11184K, capacity 11382K, committed 11520K, reserved 1058816K
  class space    used 1174K, capacity 1246K, committed 1280K, reserved 1048576K
}
Event: 7.073 GC heap before
{Heap before GC invocations=2 (full 0):
 garbage-first heap   total 129024K, used 57217K [0x0000000080000000, 0x0000000100000000)
  region size 1024K, 47 young (48128K), 1 survivors (1024K)
 Metaspace       used 16611K, capacity 16946K, committed 17152K, reserved 1064960K
  class space    used 1919K, capacity 2036K, committed 2048K, reserved 1048576K
}
Event: 7.078 GC heap after
{Heap after GC invocations=3 (full 0):
 garbage-first heap   total 129024K, used 16133K [0x0000000080000000, 0x0000000100000000)
  region size 1024K, 6 young (6144K), 6 survivors (6144K)
 Metaspace       used 16611K, capacity 16946K, committed 17152K, reserved 1064960K
  class space    used 1919K, capacity 2036K, committed 2048K, reserved 1048576K
}
Event: 7.860 GC heap before
{Heap before GC invocations=3 (full 0):
 garbage-first heap   total 129024K, used 52997K [0x0000000080000000, 0x0000000100000000)
  region size 1024K, 43 young (44032K), 6 survivors (6144K)
 Metaspace       used 20739K, capacity 21144K, committed 21248K, reserved 1067008K
  class space    used 2556K, capacity 2713K, committed 2816K, reserved 1048576K
}
Event: 7.877 GC heap after
{Heap after GC invocations=4 (full 0):
 garbage-first heap   total 129024K, used 17426K [0x0000000080000000, 0x0000000100000000)
  region size 1024K, 2 young (2048K), 2 survivors (2048K)
 Metaspace       used 20739K, capacity 21144K, committed 21248K, reserved 1067008K
  class space    used 2556K, capacity 2713K, committed 2816K, reserved 1048576K
}
Event: 9.085 GC heap before
{Heap before GC invocations=5 (full 0):
 garbage-first heap   total 129024K, used 68626K [0x0000000080000000, 0x0000000100000000)
  region size 1024K, 52 young (53248K), 2 survivors (2048K)
 Metaspace       used 26144K, capacity 26693K, committed 27008K, reserved 1073152K
  class space    used 3395K, capacity 3589K, committed 3712K, reserved 1048576K
}
Event: 9.090 GC heap after
{Heap after GC invocations=6 (full 0):
 garbage-first heap   total 129024K, used 19159K [0x0000000080000000, 0x0000000100000000)
  region size 1024K, 4 young (4096K), 4 survivors (4096K)
 Metaspace       used 26144K, capacity 26693K, committed 27008K, reserved 1073152K
  class space    used 3395K, capacity 3589K, committed 3712K, reserved 1048576K
}
Event: 10.797 GC heap before
{Heap before GC invocations=6 (full 0):
 garbage-first heap   total 129024K, used 75479K [0x0000000080000000, 0x0000000100000000)
  region size 1024K, 59 young (60416K), 4 survivors (4096K)
 Metaspace       used 32079K, capacity 32792K, committed 33024K, reserved 1077248K
  class space    used 4288K, capacity 4544K, committed 4608K, reserved 1048576K
}
Event: 10.806 GC heap after
{Heap after GC invocations=7 (full 0):
 garbage-first heap   total 129024K, used 21339K [0x0000000080000000, 0x0000000100000000)
  region size 1024K, 6 young (6144K), 6 survivors (6144K)
 Metaspace       used 32079K, capacity 32792K, committed 33024K, reserved 1077248K
  class space    used 4288K, capacity 4544K, committed 4608K, reserved 1048576K
}
Event: 11.489 GC heap before
{Heap before GC invocations=7 (full 0):
 garbage-first heap   total 129024K, used 27483K [0x0000000080000000, 0x0000000100000000)
  region size 1024K, 13 young (13312K), 6 survivors (6144K)
 Metaspace       used 35035K, capacity 35795K, committed 35840K, reserved 1081344K
  class space    used 4550K, capacity 4843K, committed 4864K, reserved 1048576K
}
Event: 11.500 GC heap after
{Heap after GC invocations=8 (full 0):
 garbage-first heap   total 129024K, used 22620K [0x0000000080000000, 0x0000000100000000)
  region size 1024K, 6 young (6144K), 6 survivors (6144K)
 Metaspace       used 35035K, capacity 35795K, committed 35840K, reserved 1081344K
  class space    used 4550K, capacity 4843K, committed 4864K, reserved 1048576K
}
Event: 13.137 GC heap before
{Heap before GC invocations=9 (full 0):
 garbage-first heap   total 129024K, used 85084K [0x0000000080000000, 0x0000000100000000)
  region size 1024K, 65 young (66560K), 6 survivors (6144K)
 Metaspace       used 39624K, capacity 40590K, committed 40832K, reserved 1085440K
  class space    used 5073K, capacity 5394K, committed 5504K, reserved 1048576K
}
Event: 13.153 GC heap after
{Heap after GC invocations=10 (full 0):
 garbage-first heap   total 129024K, used 27769K [0x0000000080000000, 0x0000000100000000)
  region size 1024K, 9 young (9216K), 9 survivors (9216K)
 Metaspace       used 39624K, capacity 40590K, committed 40832K, reserved 1085440K
  class space    used 5073K, capacity 5394K, committed 5504K, reserved 1048576K
}
Event: 16.015 GC heap before
{Heap before GC invocations=10 (full 0):
 garbage-first heap   total 129024K, used 88185K [0x0000000080000000, 0x0000000100000000)
  region size 1024K, 68 young (69632K), 9 survivors (9216K)
 Metaspace       used 44817K, capacity 46073K, committed 46208K, reserved 1089536K
  class space    used 5746K, capacity 6231K, committed 6272K, reserved 1048576K
}
Event: 16.036 GC heap after
{Heap after GC invocations=11 (full 0):
 garbage-first heap   total 129024K, used 31144K [0x0000000080000000, 0x0000000100000000)
  region size 1024K, 5 young (5120K), 5 survivors (5120K)
 Metaspace       used 44817K, capacity 46073K, committed 46208K, reserved 1089536K
  class space    used 5746K, capacity 6231K, committed 6272K, reserved 1048576K
}
Event: 18.630 GC heap before
{Heap before GC invocations=11 (full 0):
 garbage-first heap   total 129024K, used 91560K [0x0000000080000000, 0x0000000100000000)
  region size 1024K, 64 young (65536K), 5 survivors (5120K)
 Metaspace       used 48344K, capacity 49777K, committed 50048K, reserved 1093632K
  class space    used 6208K, capacity 6763K, committed 6784K, reserved 1048576K
}
Event: 18.665 GC heap after
{Heap after GC invocations=12 (full 0):
 garbage-first heap   total 155648K, used 33300K [0x0000000080000000, 0x0000000100000000)
  region size 1024K, 7 young (7168K), 7 survivors (7168K)
 Metaspace       used 48344K, capacity 49777K, committed 50048K, reserved 1093632K
  class space    used 6208K, capacity 6763K, committed 6784K, reserved 1048576K
}

